<?xml version="1.0" encoding="UTF-8"?>
<!-- Generated by org.testng.reporters.JUnitReportReporter -->
<testsuite hostname="LAPTOP-GAUPM6CM" failures="0" tests="4" name="com.adactinhotelapp.tests.ValidateLogin" time="44.493" errors="0" timestamp="2025-09-24T21:20:50 IST" skipped="0">
  <testcase classname="com.adactinhotelapp.tests.ValidateLogin" name="validateLoginTest3" time="11.117"/>
  <testcase classname="com.adactinhotelapp.tests.ValidateLogin" name="validateLoginTest4" time="9.139"/>
  <testcase classname="com.adactinhotelapp.tests.ValidateLogin" name="validateLoginTest2" time="10.088"/>
  <testcase classname="com.adactinhotelapp.tests.ValidateLogin" name="validateLoginTest1" time="14.149"/>
</testsuite> <!-- com.adactinhotelapp.tests.ValidateLogin -->
