<?xml version="1.0" encoding="UTF-8"?>
<!-- Generated by org.testng.reporters.JUnitReportReporter -->
<testsuite hostname="LAPTOP-GAUPM6CM" failures="0" tests="5" name="com.adactinhotelapp.tests.Register" time="0.012" errors="0" timestamp="2025-09-24T21:31:21 IST" skipped="0">
  <testcase classname="com.adactinhotelapp.tests.Register" name="m7" time="0.003"/>
  <testcase classname="com.adactinhotelapp.tests.Register" name="m5" time="0.003"/>
  <testcase classname="com.adactinhotelapp.tests.Register" name="m6" time="0.004"/>
  <testcase classname="com.adactinhotelapp.tests.Register" name="m8" time="0.001"/>
  <testcase classname="com.adactinhotelapp.tests.Register" name="m9" time="0.001"/>
</testsuite> <!-- com.adactinhotelapp.tests.Register -->
