<?xml version="1.0" encoding="UTF-8"?>
<!-- Generated by org.testng.reporters.JUnitReportReporter -->
<testsuite hostname="LAPTOP-GAUPM6CM" failures="0" tests="1" name="com.adactinhotelapp.tests.ValidateRegistrationUsingDataProviderExcel" time="11.878" errors="0" timestamp="2025-09-24T20:42:21 IST" skipped="0">
  <testcase classname="com.adactinhotelapp.tests.ValidateRegistrationUsingDataProviderExcel" name="validateRegistrationTest1" time="11.878"/>
</testsuite> <!-- com.adactinhotelapp.tests.ValidateRegistrationUsingDataProviderExcel -->
