<?xml version="1.0" encoding="UTF-8"?>
<!-- Generated by org.testng.reporters.JUnitReportReporter -->
<testsuite hostname="LAPTOP-GAUPM6CM" failures="0" tests="4" name="com.adactinhotelapp.tests.ValidateLogin" time="39.370" errors="0" timestamp="2025-09-23T21:00:17 IST" skipped="0">
  <testcase classname="com.adactinhotelapp.tests.ValidateLogin" name="validateLoginTest2" time="12.175"/>
  <testcase classname="com.adactinhotelapp.tests.ValidateLogin" name="validateLoginTest3" time="10.585"/>
  <testcase classname="com.adactinhotelapp.tests.ValidateLogin" name="validateLoginTest4" time="8.295"/>
  <testcase classname="com.adactinhotelapp.tests.ValidateLogin" name="validateLoginTest1" time="8.315"/>
</testsuite> <!-- com.adactinhotelapp.tests.ValidateLogin -->
