<?xml version="1.0" encoding="UTF-8"?>
<!-- Generated by org.testng.reporters.JUnitReportReporter -->
<testsuite hostname="LAPTOP-GAUPM6CM" failures="0" tests="4" name="com.adactinhotelapp.tests.Login" time="0.021" errors="0" timestamp="2025-09-24T21:31:21 IST" skipped="0">
  <testcase classname="com.adactinhotelapp.tests.Login" name="m2" time="0.004"/>
  <testcase classname="com.adactinhotelapp.tests.Login" name="m1" time="0.010"/>
  <testcase classname="com.adactinhotelapp.tests.Login" name="m3" time="0.002"/>
  <testcase classname="com.adactinhotelapp.tests.Login" name="m4" time="0.005"/>
</testsuite> <!-- com.adactinhotelapp.tests.Login -->
