<?xml version="1.0" encoding="UTF-8"?>
<!-- Generated by org.testng.reporters.JUnitReportReporter -->
<testsuite hostname="LAPTOP-GAUPM6CM" failures="0" tests="1" name="com.adactinhotelapp.tests.ValidateLoginUsingPOM" time="7.810" errors="0" timestamp="2025-09-25T21:09:17 IST" skipped="0">
  <testcase classname="com.adactinhotelapp.tests.ValidateLoginUsingPOM" name="validateLoginTest" time="7.810"/>
</testsuite> <!-- com.adactinhotelapp.tests.ValidateLoginUsingPOM -->
