<?xml version="1.0" encoding="UTF-8"?>
<!-- Generated by org.testng.reporters.JUnitReportReporter -->
<testsuite hostname="LAPTOP-GAUPM6CM" failures="0" tests="1" name="com.adactinhotelapp.tests.ValidateSearchHotelPagePOMUsingPF" time="16.948" errors="0" timestamp="2025-09-26T21:16:56 IST" skipped="0">
  <testcase classname="com.adactinhotelapp.tests.ValidateSearchHotelPagePOMUsingPF" name="validateSearchHotelTest" time="16.948"/>
</testsuite> <!-- com.adactinhotelapp.tests.ValidateSearchHotelPagePOMUsingPF -->
