<?xml version="1.0" encoding="UTF-8"?>
<!-- Generated by org.testng.reporters.JUnitReportReporter -->
<testsuite hostname="LAPTOP-GAUPM6CM" failures="0" tests="1" name="com.adactinhotelapp.tests.ValidateSearchHotelPagePOMUsingPF" time="8.901" errors="0" timestamp="2025-09-29T20:56:23 IST" skipped="0">
  <testcase classname="com.adactinhotelapp.tests.ValidateSearchHotelPagePOMUsingPF" name="validateSearchHotelTest" time="8.901"/>
</testsuite> <!-- com.adactinhotelapp.tests.ValidateSearchHotelPagePOMUsingPF -->
