<?xml version="1.0" encoding="UTF-8"?>
<!-- Generated by org.testng.reporters.JUnitReportReporter -->
<testsuite hostname="LAPTOP-GAUPM6CM" failures="0" tests="1" name="com.adactinhotelapp.tests.ValidateLoginUsingDataProviderExcel" time="11.922" errors="0" timestamp="2025-09-24T20:36:56 IST" skipped="0">
  <testcase classname="com.adactinhotelapp.tests.ValidateLoginUsingDataProviderExcel" name="validateLoginTest1" time="11.922"/>
</testsuite> <!-- com.adactinhotelapp.tests.ValidateLoginUsingDataProviderExcel -->
