<?xml version="1.0" encoding="UTF-8"?>
<!-- Generated by org.testng.reporters.JUnitReportReporter -->
<testsuite hostname="LAPTOP-GAUPM6CM" failures="0" tests="1" name="com.adactinhotelapp.tests.ValidateSearchHotelPagePOM" time="7.335" errors="0" timestamp="2025-09-25T21:24:19 IST" skipped="0">
  <testcase classname="com.adactinhotelapp.tests.ValidateSearchHotelPagePOM" name="validateSearchHotelTest" time="7.335"/>
</testsuite> <!-- com.adactinhotelapp.tests.ValidateSearchHotelPagePOM -->
