<?xml version="1.0" encoding="UTF-8"?>
<!-- Generated by org.testng.reporters.JUnitReportReporter -->
<testsuite hostname="LAPTOP-GAUPM6CM" failures="0" tests="4" name="com.adactinhotelapp.tests.ValidateLoginUsingDataProvider" time="35.535" errors="0" timestamp="2025-09-23T21:09:55 IST" skipped="0">
  <testcase classname="com.adactinhotelapp.tests.ValidateLoginUsingDataProvider" name="validateLoginTest1" time="10.133"/>
  <testcase classname="com.adactinhotelapp.tests.ValidateLoginUsingDataProvider" name="validateLoginTest1" time="7.914"/>
  <testcase classname="com.adactinhotelapp.tests.ValidateLoginUsingDataProvider" name="validateLoginTest1" time="8.931"/>
  <testcase classname="com.adactinhotelapp.tests.ValidateLoginUsingDataProvider" name="validateLoginTest1" time="8.557"/>
</testsuite> <!-- com.adactinhotelapp.tests.ValidateLoginUsingDataProvider -->
