<?xml version="1.0" encoding="UTF-8"?>
<!-- Generated by org.testng.reporters.JUnitReportReporter -->
<testsuite hostname="LAPTOP-GAUPM6CM" failures="0" tests="1" name="com.adactinhotelapp.tests.ValidateLoginUsingPOMUsingPF" time="9.464" errors="0" timestamp="2025-09-29T20:56:23 IST" skipped="0">
  <testcase classname="com.adactinhotelapp.tests.ValidateLoginUsingPOMUsingPF" name="validateLoginTest" time="9.464"/>
</testsuite> <!-- com.adactinhotelapp.tests.ValidateLoginUsingPOMUsingPF -->
